Построение начато 20.12.2016 13:44:47.
     1>Проект "C:\Users\Aleksei Goliguzov\Documents\GitHub\-------\Billiards\Billiards\Billiards.vcxproj" в узле 2 (целевые объекты Build).
     1>ClCompile:
         C:\Program Files (x86)\Microsoft Visual Studio 11.0\VC\bin\CL.exe /c /I"C:\Users\Aleksei Goliguzov\Documents\GitHub\WinApiWrapper\WinApiWrapper" /ZI /nologo /W4 /WX- /sdl /Od /Oy- /D WIN32 /D _DEBUG /D _WINDOWS /D _UNICODE /D UNICODE /Gm /EHsc /RTC1 /MDd /GS /fp:precise /Zc:wchar_t /Zc:forScope /Yu"stdafx.h" /Fp"Debug\Billiards.pch" /Fo"Debug\\" /Fd"Debug\vc110.pdb" /Gd /TP /analyze- /errorReport:prompt Billiards.cpp
         Billiards.cpp
       Link:
         C:\Program Files (x86)\Microsoft Visual Studio 11.0\VC\bin\link.exe /ERRORREPORT:PROMPT /OUT:"C:\Users\Aleksei Goliguzov\Documents\GitHub\-------\Billiards\Debug\Billiards.exe" /INCREMENTAL /NOLOGO kernel32.lib user32.lib gdi32.lib winspool.lib comdlg32.lib advapi32.lib shell32.lib ole32.lib oleaut32.lib uuid.lib odbc32.lib odbccp32.lib /MANIFEST /MANIFESTUAC:"level='asInvoker' uiAccess='false'" /manifest:embed /DEBUG /PDB:"C:\Users\Aleksei Goliguzov\Documents\GitHub\-------\Billiards\Debug\Billiards.pdb" /SUBSYSTEM:WINDOWS /TLBID:1 /DYNAMICBASE /NXCOMPAT /IMPLIB:"C:\Users\Aleksei Goliguzov\Documents\GitHub\-------\Billiards\Debug\Billiards.lib" /MACHINE:X86 Debug\Billiards.res
         Debug\Billiards.obj
         Debug\Graphics.obj
         Debug\Model.obj
         Debug\Physics.obj
         Debug\stdafx.obj
         Debug\Textures.obj
         Debug\UPOINT.obj
         Debug\Vector.obj
         Debug\Window.obj
         "C:\Users\Aleksei Goliguzov\Documents\GitHub\-------\Billiards\Debug\WinApiWrapper.lib"
         Billiards.vcxproj -> C:\Users\Aleksei Goliguzov\Documents\GitHub\-------\Billiards\Debug\Billiards.exe
     1>Построение проекта "C:\Users\Aleksei Goliguzov\Documents\GitHub\-------\Billiards\Billiards\Billiards.vcxproj" завершено (целевые объекты Build).

Построение успешно завершено.

Затраченное время: 00:00:07.16
