Построение начато 06.11.2016 18:36:34.
     1>Проект "C:\Users\Alex Golden\Documents\GitHub\-------\VS12\Бильярд.vcxproj" в узле 2 (целевые объекты Build).
     1>ClCompile:
         C:\Program Files (x86)\Microsoft Visual Studio 11.0\VC\bin\CL.exe /c /ZI /nologo /W3 /WX- /Od /Oy- /D WIN32 /D _DEBUG /D _WINDOWS /D _CRT_SECURE_NO_WARNINGS /D _UNICODE /D UNICODE /Gm /EHsc /RTC1 /MDd /GS /fp:precise /Zc:wchar_t /Zc:forScope /Fo"Debug\\" /Fd"Debug\vc110.pdb" /Gd /TP /analyze- /errorReport:prompt ..\src\Balls.cpp ..\src\Button.cpp ..\src\Config.cpp ..\src\Cue.cpp ..\src\Exceptions.cpp ..\src\Keyboard.cpp ..\src\Menu.cpp ..\src\Mouse.cpp ..\src\Player.cpp ..\src\ProgramManager.cpp ..\src\Textures.cpp ..\src\Variables.cpp ..\src\Vector.cpp ..\src\main.cpp
         Balls.cpp
         Создание кода...
         Компиляция...
         main.cpp
         Vector.cpp
         Variables.cpp
         Textures.cpp
         ProgramManager.cpp
         Player.cpp
         Mouse.cpp
         Menu.cpp
         Keyboard.cpp
         Exceptions.cpp
         Cue.cpp
         Config.cpp
         Button.cpp
         Создание кода...
       ResourceCompile:
         C:\Program Files (x86)\Windows Kits\8.0\bin\x86\rc.exe /D _UNICODE /D UNICODE /l"0x0409" /nologo /fo"Debug\Бильярд.res" "..\src\Бильярд.rc" 
       Link:
         C:\Program Files (x86)\Microsoft Visual Studio 11.0\VC\bin\link.exe /ERRORREPORT:PROMPT /OUT:"C:\Users\Alex Golden\Documents\GitHub\-------\VS12\Debug\Бильярд.exe" /INCREMENTAL /NOLOGO kernel32.lib user32.lib gdi32.lib winspool.lib comdlg32.lib advapi32.lib shell32.lib ole32.lib oleaut32.lib uuid.lib odbc32.lib odbccp32.lib /MANIFEST /MANIFESTUAC:"level='asInvoker' uiAccess='false'" /manifest:embed /DEBUG /PDB:"C:\Users\Alex Golden\Documents\GitHub\-------\VS12\Debug\Бильярд.pdb" /SUBSYSTEM:WINDOWS /TLBID:1 /DYNAMICBASE /NXCOMPAT /IMPLIB:"C:\Users\Alex Golden\Documents\GitHub\-------\VS12\Debug\Бильярд.lib" /MACHINE:X86 "Debug\Бильярд.res"
         Debug\Balls.obj
         Debug\Button.obj
         Debug\Config.obj
         Debug\Cue.obj
         Debug\Exceptions.obj
         Debug\Keyboard.obj
         Debug\Menu.obj
         Debug\Mouse.obj
         Debug\Player.obj
         Debug\ProgramManager.obj
         Debug\main.obj
         Debug\Textures.obj
         Debug\UPOINT.obj
         Debug\Variables.obj
         Debug\Vector.obj
         Бильярд.vcxproj -> C:\Users\Alex Golden\Documents\GitHub\-------\VS12\Debug\Бильярд.exe
     1>Построение проекта "C:\Users\Alex Golden\Documents\GitHub\-------\VS12\Бильярд.vcxproj" завершено (целевые объекты Build).

Построение успешно завершено.

Затраченное время: 00:00:16.26
