
--------------------------------------------------
TXLib сообщает:

ѕрограмма: C:\Users\User\Desktop\-------\VS12\Debug\Ѕиль€рд.exe,

¬Ќ≈«јѕЌќ: ÷елочисленное деление на ноль.

»сключение EXCEPTION_INT_DIVIDE_BY_ZERO (0xC0000094) при выполнении кода по адресу 0x01104129 в функции wWinMain в файле c:\users\user\desktop\-------\src\main.cpp на строке 45. —пасибо _txVectoredExceptionHandler(), что сообщил. Ћюблю его <3

— помощью функции _set_se_translator() вы можете сами обработать эту ошибку.

#1: TXLib [Ver: 00173a, Rev: 105], Instance: 0x0116D6A4 (32-bit), Flags: Cmdret, Thread: 0x14C4 (Main), errno: 2 (No such file or directory), _doserrno: 3 (No such process). 

--------------------------------------------------
“рассировка стека:

# 0 0x01104129 in C:\Users\User\Desktop\-------\VS12\Debug\Ѕиль€рд.exe!wWinMain at c:\users\user\desktop\-------\src\main.cpp (45):

     43:     
     44:     int k = 0;
=>   45:     int y = 15 / k;
     46: 
     47: 	GdiplusStartupInput gfd;
# 1 0x01109A60 in C:\Users\User\Desktop\-------\VS12\Debug\Ѕиль€рд.exe!__tmainCRTStartup at f:\dd\vctools\crt_bld\self_x86\crt\src\crtexe.c (528)
# 2 0x01109C6D in C:\Users\User\Desktop\-------\VS12\Debug\Ѕиль€рд.exe!wWinMainCRTStartup at f:\dd\vctools\crt_bld\self_x86\crt\src\crtexe.c (376)
# 3 0x754A33AA in C:\Windows\syswow64\kernel32.dll!BaseThreadInitThunk
# 4 0x77859EF2 in C:\Windows\SysWOW64\ntdll.dll!RtlInitializeExceptionChain
# 5 0x77859EC5 in C:\Windows\SysWOW64\ntdll.dll!RtlInitializeExceptionChain

--------------------------------------------------
Developed with:

The Dumb Artist Library (TX Library) - TXLib [Ver: 00173a, Rev: 105]
Copyright (C) Ded (Ilya Dedinsky, http://txlib.ru) <mail@txlib.ru>
See license on: http://txlib.ru

TXLib file:	c:\users\user\desktop\-------\src\txlib.h
Compiled:	Nov 17 2016 11:24:57, DEBUG, MSVS 1700, std=199711L
Started:	Nov 17 2016 11:25:00

Run file:	C:\Users\User\Desktop\-------\VS12\Debug\Ѕиль€рд.exe
Directory:	C:\Users\User\Desktop\-------\VS12

--------------------------------------------------

--------------------------------------------------
TXLib сообщает:

ѕрограмма: C:\Users\User\Desktop\-------\VS12\Debug\Ѕиль€рд.exe,

¬Ќ≈«јѕЌќ: ÷елочисленное деление на ноль.

»сключение EXCEPTION_INT_DIVIDE_BY_ZERO (0xC0000094) при выполнении кода по адресу 0x01104129 в функции wWinMain в файле c:\users\user\desktop\-------\src\main.cpp на строке 45. —пасибо _txVectoredExceptionHandler(), что сообщил. Ћюблю его <3

— помощью функции _set_se_translator() вы можете сами обработать эту ошибку.

#1: TXLib [Ver: 00173a, Rev: 105], Instance: 0x0116D6A4 (32-bit), Flags: Cmdret, Thread: 0x16C4 (Main), errno: 2 (No such file or directory), _doserrno: 3 (No such process). 

--------------------------------------------------
“рассировка стека:

# 0 0x01104129 in C:\Users\User\Desktop\-------\VS12\Debug\Ѕиль€рд.exe!wWinMain at c:\users\user\desktop\-------\src\main.cpp (45):

     43:     
     44:     int k = 0;
=>   45:     int y = 15 / k;
     46: 
     47: 	GdiplusStartupInput gfd;
# 1 0x01109A60 in C:\Users\User\Desktop\-------\VS12\Debug\Ѕиль€рд.exe!__tmainCRTStartup at f:\dd\vctools\crt_bld\self_x86\crt\src\crtexe.c (528)
# 2 0x01109C6D in C:\Users\User\Desktop\-------\VS12\Debug\Ѕиль€рд.exe!wWinMainCRTStartup at f:\dd\vctools\crt_bld\self_x86\crt\src\crtexe.c (376)
# 3 0x754A33AA in C:\Windows\syswow64\kernel32.dll!BaseThreadInitThunk
# 4 0x77859EF2 in C:\Windows\SysWOW64\ntdll.dll!RtlInitializeExceptionChain
# 5 0x77859EC5 in C:\Windows\SysWOW64\ntdll.dll!RtlInitializeExceptionChain

--------------------------------------------------
Developed with:

The Dumb Artist Library (TX Library) - TXLib [Ver: 00173a, Rev: 105]
Copyright (C) Ded (Ilya Dedinsky, http://txlib.ru) <mail@txlib.ru>
See license on: http://txlib.ru

TXLib file:	c:\users\user\desktop\-------\src\txlib.h
Compiled:	Nov 17 2016 11:24:57, DEBUG, MSVS 1700, std=199711L
Started:	Nov 17 2016 11:27:45

Run file:	C:\Users\User\Desktop\-------\VS12\Debug\Ѕиль€рд.exe
Directory:	C:\Users\User\Desktop\-------\VS12

--------------------------------------------------

--------------------------------------------------
TXLib сообщает:

ѕрограмма: C:\Users\User\Desktop\-------\VS12\Debug\Ѕиль€рд.exe,

¬Ќ≈«јѕЌќ: ÷елочисленное деление на ноль.

»сключение EXCEPTION_INT_DIVIDE_BY_ZERO (0xC0000094) при выполнении кода по адресу 0x01104129 в функции wWinMain в файле c:\users\user\desktop\-------\src\main.cpp на строке 45. —пасибо _txVectoredExceptionHandler(), что сообщил. Ћюблю его <3

— помощью функции _set_se_translator() вы можете сами обработать эту ошибку.

#1: TXLib [Ver: 00173a, Rev: 105], Instance: 0x0116D6A4 (32-bit), Flags: Cmdret, Thread: 0x1504 (Main), errno: 2 (No such file or directory), _doserrno: 3 (No such process). 

--------------------------------------------------
“рассировка стека:

# 0 0x01104129 in C:\Users\User\Desktop\-------\VS12\Debug\Ѕиль€рд.exe!wWinMain at c:\users\user\desktop\-------\src\main.cpp (45):

     43:     
     44:     int k = 0;
=>   45:     int y = 15 / k;
     46: 
     47: 	GdiplusStartupInput gfd;
# 1 0x01109A60 in C:\Users\User\Desktop\-------\VS12\Debug\Ѕиль€рд.exe!__tmainCRTStartup at f:\dd\vctools\crt_bld\self_x86\crt\src\crtexe.c (528)
# 2 0x01109C6D in C:\Users\User\Desktop\-------\VS12\Debug\Ѕиль€рд.exe!wWinMainCRTStartup at f:\dd\vctools\crt_bld\self_x86\crt\src\crtexe.c (376)
# 3 0x754A33AA in C:\Windows\syswow64\kernel32.dll!BaseThreadInitThunk
# 4 0x77859EF2 in C:\Windows\SysWOW64\ntdll.dll!RtlInitializeExceptionChain
# 5 0x77859EC5 in C:\Windows\SysWOW64\ntdll.dll!RtlInitializeExceptionChain

--------------------------------------------------
Developed with:

The Dumb Artist Library (TX Library) - TXLib [Ver: 00173a, Rev: 105]
Copyright (C) Ded (Ilya Dedinsky, http://txlib.ru) <mail@txlib.ru>
See license on: http://txlib.ru

TXLib file:	c:\users\user\desktop\-------\src\txlib.h
Compiled:	Nov 17 2016 11:24:57, DEBUG, MSVS 1700, std=199711L
Started:	Nov 17 2016 11:28:14

Run file:	C:\Users\User\Desktop\-------\VS12\Debug\Ѕиль€рд.exe
Directory:	C:\Users\User\Desktop\-------\VS12\Debug

--------------------------------------------------
