Build started 17.11.2016 11:06:01.
     1>Project "C:\Users\User\Desktop\-------\Server\Server.vcxproj" on node 2 (Build target(s)).
     1>InitializeBuildStatus:
         Creating "Release\Server.unsuccessfulbuild" because "AlwaysCreate" was specified.
       ClCompile:
         C:\Program Files (x86)\Microsoft Visual Studio 11.0\VC\bin\CL.exe /c /Zi /nologo /W3 /WX- /O2 /Oi /Oy- /GL /D WIN32 /D NDEBUG /D _CONSOLE /D _UNICODE /D UNICODE /Gm- /EHsc /MT /GS /Gy /fp:precise /Zc:wchar_t /Zc:forScope /Fo"Release\\" /Fd"Release\vc110.pdb" /Gd /TP /analyze- /errorReport:prompt main.cpp Server.cpp
         main.cpp
         Server.cpp
       Link:
         C:\Program Files (x86)\Microsoft Visual Studio 11.0\VC\bin\link.exe /ERRORREPORT:PROMPT /OUT:"C:\Users\User\Desktop\-------\Server\Release\Server.exe" /INCREMENTAL:NO /NOLOGO kernel32.lib user32.lib gdi32.lib winspool.lib comdlg32.lib advapi32.lib shell32.lib ole32.lib oleaut32.lib uuid.lib odbc32.lib odbccp32.lib /MANIFEST /MANIFESTUAC:"level='asInvoker' uiAccess='false'" /manifest:embed /DEBUG /PDB:"C:\Users\User\Desktop\-------\Server\Release\Server.pdb" /SUBSYSTEM:CONSOLE /OPT:REF /OPT:ICF /LTCG /TLBID:1 /DYNAMICBASE /NXCOMPAT /IMPLIB:"C:\Users\User\Desktop\-------\Server\Release\Server.lib" /MACHINE:X86 /SAFESEH Release\main.obj
         Release\Server.obj
         Generating code
         Finished generating code
         Server.vcxproj -> C:\Users\User\Desktop\-------\Server\Release\Server.exe
       FinalizeBuildStatus:
         Deleting file "Release\Server.unsuccessfulbuild".
         Touching "Release\Server.lastbuildstate".
     1>Done Building Project "C:\Users\User\Desktop\-------\Server\Server.vcxproj" (Build target(s)).

Build succeeded.

Time Elapsed 00:00:02.37
