Построение начато 08.11.2016 19:26:11.
     1>Проект "C:\Users\Alex Golden\Documents\GitHub\-------\VS12\Бильярд.vcxproj" в узле 2 (целевые объекты Build).
     1>ClCompile:
         C:\Program Files (x86)\Microsoft Visual Studio 11.0\VC\bin\CL.exe /c /Zi /nologo /W3 /WX- /O2 /Oi /Oy- /GL /D WIN32 /D NDEBUG /D _WINDOWS /D _UNICODE /D UNICODE /Gm- /EHsc /MD /GS /Gy /fp:precise /Zc:wchar_t /Zc:forScope /Fo"Release\\" /Fd"Release\vc110.pdb" /Gd /TP /analyze- /errorReport:prompt ..\src\main.cpp
         main.cpp
     1>c:\users\alex golden\documents\github\-------\src\ProgramManager.hpp(47): warning C4996: '_itoa': This function or variable may be unsafe. Consider using _itoa_s instead. To disable deprecation, use _CRT_SECURE_NO_WARNINGS. See online help for details.
                 C:\Program Files (x86)\Microsoft Visual Studio 11.0\VC\include\stdlib.h(468): см. объявление "_itoa"
     1>c:\users\alex golden\documents\github\-------\src\ProgramManager.hpp(48): warning C4996: '_itoa': This function or variable may be unsafe. Consider using _itoa_s instead. To disable deprecation, use _CRT_SECURE_NO_WARNINGS. See online help for details.
                 C:\Program Files (x86)\Microsoft Visual Studio 11.0\VC\include\stdlib.h(468): см. объявление "_itoa"
       Link:
         C:\Program Files (x86)\Microsoft Visual Studio 11.0\VC\bin\link.exe /ERRORREPORT:PROMPT /OUT:"C:\Users\Alex Golden\Documents\GitHub\-------\VS12\Release\Бильярд.exe" /INCREMENTAL:NO /NOLOGO kernel32.lib user32.lib gdi32.lib winspool.lib comdlg32.lib advapi32.lib shell32.lib ole32.lib oleaut32.lib uuid.lib odbc32.lib odbccp32.lib /MANIFEST /MANIFESTUAC:"level='asInvoker' uiAccess='false'" /manifest:embed /DEBUG /PDB:"C:\Users\Alex Golden\Documents\GitHub\-------\VS12\Release\Бильярд.pdb" /SUBSYSTEM:WINDOWS /OPT:REF /OPT:ICF /LTCG /TLBID:1 /DYNAMICBASE /NXCOMPAT /IMPLIB:"C:\Users\Alex Golden\Documents\GitHub\-------\VS12\Release\Бильярд.lib" /MACHINE:X86 /SAFESEH "Release\Бильярд.res"
         Release\Balls.obj
         Release\Button.obj
         Release\Config.obj
         Release\Cue.obj
         Release\Exceptions.obj
         Release\Keyboard.obj
         Release\Menu.obj
         Release\Mouse.obj
         Release\Network.obj
         Release\Player.obj
         Release\ProgramManager.obj
         Release\main.obj
         Release\Textures.obj
         Release\UPOINT.obj
         Release\Variables.obj
         Release\Vector.obj
         Создание кода
         Создание кода завершено
         Бильярд.vcxproj -> C:\Users\Alex Golden\Documents\GitHub\-------\VS12\Release\Бильярд.exe
     1>Построение проекта "C:\Users\Alex Golden\Documents\GitHub\-------\VS12\Бильярд.vcxproj" завершено (целевые объекты Build).

Построение успешно завершено.

Затраченное время: 00:00:03.05
